{
  "RSpec": {
    "coverage": {
      "/Users/student/Makers/week10/battleships_tech_test/spec/board_spec.rb": [
        1,
        null,
        1,
        null,
        2,
        null,
        1,
        1,
        2,
        null,
        null,
        null,
        null,
        null,
        null,
        null,
        null,
        null,
        null,
        null,
        null,
        null,
        null,
        null
      ],
      "/Users/student/Makers/week10/battleships_tech_test/lib/board.rb": [
        1,
        null,
        1,
        2,
        null,
        null,
        1,
        2,
        2,
        18,
        null,
        null,
        null,
        null
      ],
      "/Users/student/Makers/week10/battleships_tech_test/spec/features/can_see_your_board_spec.rb": [
        1,
        null,
        1,
        null,
        2,
        null,
        1,
        1,
        2,
        null,
        null,
        null,
        null,
        null,
        null,
        null,
        null,
        null,
        null,
        null,
        null,
        null,
        null,
        null
      ],
      "/Users/student/Makers/week10/battleships_tech_test/spec/features/player_adds_ships_spec.rb": [
        1,
        null,
        1,
        null,
        5,
        null,
        1,
        1,
        1,
        null,
        null,
        1,
        1,
        1,
        null,
        null,
        null,
        1,
        1,
        null,
        null,
        1,
        1,
        null,
        null,
        null,
        null
      ],
      "/Users/student/Makers/week10/battleships_tech_test/lib/game.rb": [
        1,
        null,
        1,
        8,
        null,
        null,
        1,
        10,
        10,
        10,
        2,
        null,
        8,
        null,
        10,
        null,
        null,
        1,
        null,
        1,
        2,
        4,
        4,
        null,
        null,
        null,
        1,
        8,
        20,
        20,
        null,
        null,
        null,
        null
      ],
      "/Users/student/Makers/week10/battleships_tech_test/spec/game_spec.rb": [
        1,
        null,
        1,
        null,
        5,
        null,
        1,
        1,
        1,
        null,
        null,
        1,
        1,
        1,
        null,
        null,
        null,
        1,
        1,
        null,
        null,
        1,
        1,
        null,
        null,
        null,
        null
      ]
    },
    "timestamp": 1580381146
  }
}
