{
  "RSpec": {
    "coverage": {
      "/Users/student/Makers/week10/battleships_tech_test/spec/board_spec.rb": [
        1,
        null,
        1,
        null,
        2,
        null,
        1,
        1,
        2,
        null,
        null,
        null,
        null,
        null,
        null,
        null,
        null,
        null,
        null,
        null,
        null,
        null,
        null,
        null
      ],
      "/Users/student/Makers/week10/battleships_tech_test/lib/board.rb": [
        1,
        null,
        1,
        2,
        null,
        null,
        1,
        2,
        2,
        18,
        null,
        null,
        null,
        null
      ],
      "/Users/student/Makers/week10/battleships_tech_test/spec/features/can_see_your_board_spec.rb": [
        1,
        null,
        1,
        null,
        2,
        null,
        1,
        1,
        2,
        null,
        null,
        null,
        null,
        null,
        null,
        null,
        null,
        null,
        null,
        null,
        null,
        null,
        null,
        null
      ],
      "/Users/student/Makers/week10/battleships_tech_test/spec/features/check_if_ship_sunk_spec.rb": [
        1,
        null,
        1,
        null,
        1,
        1,
        1,
        1,
        null,
        null,
        1,
        1,
        1,
        null,
        null,
        null,
        null
      ],
      "/Users/student/Makers/week10/battleships_tech_test/lib/ship.rb": [
        1,
        null,
        1,
        4,
        null,
        null,
        1,
        4,
        null,
        null,
        null
      ],
      "/Users/student/Makers/week10/battleships_tech_test/spec/features/player_adds_ships_spec.rb": [
        1,
        null,
        1,
        null,
        7,
        null,
        1,
        1,
        1,
        null,
        null,
        null,
        1,
        1,
        1,
        null,
        null,
        null,
        1,
        1,
        null,
        null,
        null,
        1,
        1,
        null,
        null,
        null,
        1,
        1,
        null,
        null,
        null,
        1,
        1,
        null,
        null,
        null,
        null,
        null
      ],
      "/Users/student/Makers/week10/battleships_tech_test/lib/game.rb": [
        1,
        null,
        1,
        null,
        1,
        null,
        1,
        16,
        16,
        null,
        null,
        1,
        18,
        18,
        18,
        18,
        14,
        null,
        4,
        null,
        null,
        null,
        1,
        4,
        null,
        null,
        1,
        null,
        1,
        18,
        null,
        2,
        null,
        12,
        null,
        2,
        null,
        2,
        null,
        null,
        null,
        1,
        2,
        4,
        4,
        null,
        null,
        null,
        1,
        12,
        28,
        28,
        null,
        null,
        null,
        1,
        2,
        4,
        4,
        null,
        null,
        null,
        1,
        2,
        4,
        4,
        null,
        null,
        null,
        1,
        20,
        null,
        null,
        null
      ],
      "/Users/student/Makers/week10/battleships_tech_test/lib/modules/shot.rb": [
        1,
        null,
        1,
        2,
        0,
        null,
        2,
        null,
        null,
        null,
        1,
        null,
        1,
        2,
        1,
        null,
        1,
        null,
        null,
        null
      ],
      "/Users/student/Makers/week10/battleships_tech_test/spec/features/player_shoots_spec.rb": [
        1,
        null,
        1,
        null,
        3,
        null,
        1,
        1,
        1,
        1,
        null,
        null,
        1,
        1,
        1,
        null,
        null,
        null,
        null
      ],
      "/Users/student/Makers/week10/battleships_tech_test/spec/game_spec.rb": [
        1,
        null,
        1,
        null,
        9,
        null,
        1,
        1,
        1,
        null,
        null,
        null,
        1,
        1,
        1,
        null,
        null,
        null,
        1,
        1,
        null,
        null,
        null,
        1,
        1,
        null,
        null,
        null,
        1,
        1,
        null,
        null,
        null,
        1,
        1,
        null,
        null,
        null,
        null,
        1,
        1,
        1,
        1,
        1,
        null,
        null,
        1,
        1,
        1,
        1,
        null,
        null,
        null,
        null
      ],
      "/Users/student/Makers/week10/battleships_tech_test/spec/ship_spec.rb": [
        1,
        null,
        1,
        null,
        1,
        1,
        1,
        1,
        null,
        null,
        1,
        1,
        1,
        null,
        null,
        null,
        null
      ]
    },
    "timestamp": 1580386480
  }
}
